2023-07-19T18:53:49.489Z: ⚡️[server]: Server is running at http://localhost:3000
2023-07-19T18:54:05.206Z: ⚡️[server]: Server is running at http://localhost:3000
2023-07-19T18:54:10.560Z: ⚡️[server]: Server is running at http://localhost:3000
2023-07-19T18:54:29.087Z: ⚡️[server]: Server is running at http://localhost:3000
2023-07-19T18:54:31.554Z: ⚡️[server]: Server is running at http://localhost:3000
2023-07-19T18:54:46.275Z: ⚡️[server]: Server is running at http://localhost:3000
2023-07-19T18:54:47.712Z: ⚡️[server]: Server is running at http://localhost:3000
2023-07-19T18:54:52.266Z: ⚡️[server]: Server is running at http://localhost:3000
2023-07-19T18:54:54.918Z: ⚡️[server]: Server is running at http://localhost:3000
2023-07-19T18:55:06.023Z: ⚡️[server]: Server is running at http://localhost:3000
2023-07-19T18:55:19.244Z: ⚡️[server]: Server is running at http://localhost:3000
2023-07-19T18:55:22.363Z: ⚡️[server]: Server is running at http://localhost:3000
2023-07-19T18:55:52.757Z: ⚡️[server]: Server is running at http://localhost:3000
2023-07-19T18:56:04.554Z: ⚡️[server]: Server is running at http://localhost:3000
2023-07-19T18:56:05.618Z: ⚡️[server]: Server is running at http://localhost:3000
2023-07-19T18:56:06.378Z: ⚡️[server]: Server is running at http://localhost:3000
2023-07-19T19:01:21.382Z: RequestError: Must declare the scalar variable "@_id".
2023-07-19T19:01:21.382Z: Failed to execute create blogs command
2023-07-19T19:01:36.050Z: ⚡️[server]: Server is running at http://localhost:3000
2023-07-19T19:01:47.789Z: ⚡️[server]: Server is running at http://localhost:3000
2023-07-19T19:01:52.986Z: ⚡️[server]: Server is running at http://localhost:3000
2023-07-19T19:01:54.867Z: RequestError: Must declare the scalar variable "@_id".
2023-07-19T19:01:54.868Z: Failed to execute create blogs command
2023-07-19T19:02:52.763Z: ⚡️[server]: Server is running at http://localhost:3000
2023-07-19T19:02:53.793Z: Failed to execute create blogs command
2023-07-19T19:02:53.792Z: RequestError: Must declare the scalar variable "@_id".
2023-07-19T19:03:14.898Z: ⚡️[server]: Server is running at http://localhost:3000
2023-07-19T19:03:16.580Z: ⚡️[server]: Server is running at http://localhost:3000
2023-07-19T19:03:21.486Z: ⚡️[server]: Server is running at http://localhost:3000
2023-07-19T19:03:22.606Z: Failed to execute create blogs command
2023-07-19T19:03:22.606Z: RequestError: Must declare the scalar variable "@_id".
2023-07-19T19:03:23.022Z: RequestError: Must declare the scalar variable "@_id".
2023-07-19T19:03:23.022Z: Failed to execute create blogs command
2023-07-19T19:03:53.020Z: ⚡️[server]: Server is running at http://localhost:3000
2023-07-19T19:03:59.427Z: ⚡️[server]: Server is running at http://localhost:3000
2023-07-19T19:04:01.188Z: RequestError: Must declare the scalar variable "@_id".
2023-07-19T19:04:01.188Z: Failed to execute create blogs command
2023-07-19T19:04:15.979Z: ⚡️[server]: Server is running at http://localhost:3000
2023-07-19T19:04:17.543Z: RequestError: Must declare the scalar variable "@_id".
2023-07-19T19:04:17.543Z: Failed to execute create blogs command
2023-07-19T19:04:24.036Z: ⚡️[server]: Server is running at http://localhost:3000
2023-07-19T19:04:28.936Z: ⚡️[server]: Server is running at http://localhost:3000
2023-07-19T19:04:36.809Z: ⚡️[server]: Server is running at http://localhost:3000
2023-07-19T19:04:40.522Z: ⚡️[server]: Server is running at http://localhost:3000
2023-07-19T19:04:43.235Z: Failed to execute create blogs command
2023-07-19T19:04:43.235Z: RequestError: Must declare the scalar variable "@_id".
2023-07-19T19:04:51.938Z: ⚡️[server]: Server is running at http://localhost:3000
2023-07-19T19:04:52.952Z: RequestError: Must declare the scalar variable "@_id".
2023-07-19T19:04:52.952Z: Failed to execute create blogs command
2023-07-19T19:05:04.253Z: ⚡️[server]: Server is running at http://localhost:3000
2023-07-19T19:05:05.843Z: ⚡️[server]: Server is running at http://localhost:3000
2023-07-19T19:13:22.734Z: ⚡️[server]: Server is running at http://localhost:3000
2023-07-19T19:16:47.708Z: JsonWebTokenError: invalid signature
2023-07-19T19:29:24.118Z: ⚡️[server]: Server is running at http://localhost:3000
2023-07-19T19:29:27.339Z: ⚡️[server]: Server is running at http://localhost:3000
2023-07-19T19:30:39.609Z: ⚡️[server]: Server is running at http://localhost:3000
2023-07-19T19:42:21.552Z: ⚡️[server]: Server is running at http://localhost:3000
2023-07-19T19:42:41.542Z: ⚡️[server]: Server is running at http://localhost:3000
2023-07-19T19:42:57.703Z: ⚡️[server]: Server is running at http://localhost:3000
2023-07-19T19:43:00.809Z: Error: ENOENT: no such file or directory, open '../../config/authConfig.json'
2023-07-19T19:43:00.846Z: ⚡️[server]: Server is running at http://localhost:3000
2023-07-19T19:44:37.411Z: Error: ENOENT: no such file or directory, open '../../config/authConfig.json'
2023-07-19T19:44:37.451Z: ⚡️[server]: Server is running at http://localhost:3000
2023-07-19T19:45:06.290Z: Error: ENOENT: no such file or directory, open '../../config/authConfig.json'
2023-07-19T19:45:06.337Z: ⚡️[server]: Server is running at http://localhost:3000
2023-07-19T19:45:19.802Z: Error: ENOENT: no such file or directory, open '../../config/authConfig.json'
2023-07-19T19:45:19.852Z: ⚡️[server]: Server is running at http://localhost:3000
2023-07-19T19:45:47.070Z: Error: ENOENT: no such file or directory, open 'C:\Users\m.quraan\Desktop\BAYAN\BloggingPlatform\dist\config\authConfig.json'
2023-07-19T19:45:47.123Z: ⚡️[server]: Server is running at http://localhost:3000
2023-07-19T19:45:48.455Z: Error: ENOENT: no such file or directory, open 'C:\Users\m.quraan\Desktop\BAYAN\BloggingPlatform\dist\config\authConfig.json'
2023-07-19T19:45:48.491Z: ⚡️[server]: Server is running at http://localhost:3000
2023-07-19T19:45:57.552Z: Error: ENOENT: no such file or directory, open 'C:\Users\m.quraan\Desktop\BAYAN\BloggingPlatform\dist\config\authConfig.json'
2023-07-19T19:45:57.595Z: ⚡️[server]: Server is running at http://localhost:3000
2023-07-19T19:46:17.857Z: Error: ENOENT: no such file or directory, open 'C:\Users\m.quraan\Desktop\BAYAN\BloggingPlatform\dist\config\authConfig.json'
2023-07-19T19:46:17.902Z: ⚡️[server]: Server is running at http://localhost:3000
2023-07-19T19:46:31.851Z: TypeError: CommonMethod_1.CommonMethod.getConfig is not a function
2023-07-19T19:46:31.862Z: ⚡️[server]: Server is running at http://localhost:3000
2023-07-19T19:46:34.360Z: TypeError: CommonMethod_1.CommonMethod.getConfig is not a function
2023-07-19T19:46:34.370Z: ⚡️[server]: Server is running at http://localhost:3000
2023-07-19T19:46:40.679Z: TypeError: CommonMethod_1.CommonMethod.getConfig is not a function
2023-07-19T19:46:40.693Z: ⚡️[server]: Server is running at http://localhost:3000
2023-07-19T19:46:43.802Z: TypeError: CommonMethod_1.CommonMethod.getConfig is not a function
2023-07-19T19:46:43.814Z: ⚡️[server]: Server is running at http://localhost:3000
2023-07-19T19:46:49.387Z: ⚡️[server]: Server is running at http://localhost:3000
2023-07-19T19:47:07.819Z: JsonWebTokenError: invalid signature
